<?xml version="1.0" encoding="UTF-8"?>
<testsuite xmlns:xsi="http://www.w3.org/2001/XMLSchema-instance" xsi:noNamespaceSchemaLocation="https://maven.apache.org/surefire/maven-surefire-plugin/xsd/surefire-test-report-3.0.xsd" version="3.0" name="com.hospital.backend.BackendApplicationTests" time="5.94" tests="1" errors="0" skipped="0" failures="0">
  <properties>
[...]
</properties>
  <testcase name="contextLoads" classname="com.hospital.backend.BackendApplicationTests" time="0.934">
    <system-out><![CDATA[18:08:17.363 [main] DEBUG org.springframework.test.context.BootstrapUtils - Instantiating CacheAwareContextLoaderDelegate from class [org.springframework.test.context.cache.DefaultCacheAwareContextLoaderDelegate]
18:08:17.376 [main] DEBUG org.springframework.test.context.BootstrapUtils - Instantiating BootstrapContext using constructor [public org.springframework.test.context.support.DefaultBootstrapContext(java.lang.Class,org.springframework.test.context.CacheAwareContextLoaderDelegate)]
18:08:17.422 [main] DEBUG org.springframework.test.context.BootstrapUtils - Instantiating TestContextBootstrapper for test class [com.hospital.backend.BackendApplicationTests] from class [org.springframework.boot.test.context.SpringBootTestContextBootstrapper]
18:08:17.438 [main] INFO org.springframework.boot.test.context.SpringBootTestContextBootstrapper - Neither @ContextConfiguration nor @ContextHierarchy found for test class [com.hospital.backend.BackendApplicationTests], using SpringBootContextLoader
18:08:17.444 [main] DEBUG org.springframework.test.context.support.AbstractContextLoader - Did not detect default resource location for test class [com.hospital.backend.BackendApplicationTests]: class path resource [com/hospital/backend/BackendApplicationTests-context.xml] does not exist
18:08:17.445 [main] DEBUG org.springframework.test.context.support.AbstractContextLoader - Did not detect default resource location for test class [com.hospital.backend.BackendApplicationTests]: class path resource [com/hospital/backend/BackendApplicationTestsContext.groovy] does not exist
18:08:17.445 [main] INFO org.springframework.test.context.support.AbstractContextLoader - Could not detect default resource locations for test class [com.hospital.backend.BackendApplicationTests]: no resource found for suffixes {-context.xml, Context.groovy}.
18:08:17.446 [main] INFO org.springframework.test.context.support.AnnotationConfigContextLoaderUtils - Could not detect default configuration classes for test class [com.hospital.backend.BackendApplicationTests]: BackendApplicationTests does not declare any static, non-private, non-final, nested classes annotated with @Configuration.
18:08:17.527 [main] DEBUG org.springframework.test.context.support.ActiveProfilesUtils - Could not find an 'annotation declaring class' for annotation type [org.springframework.test.context.ActiveProfiles] and class [com.hospital.backend.BackendApplicationTests]
18:08:17.619 [main] DEBUG org.springframework.context.annotation.ClassPathScanningCandidateComponentProvider - Identified candidate component class: file [D:\java\test\hospital-registration-system\backend\target\classes\com\hospital\backend\BackendApplication.class]
18:08:17.621 [main] INFO org.springframework.boot.test.context.SpringBootTestContextBootstrapper - Found @SpringBootConfiguration com.hospital.backend.BackendApplication for test class com.hospital.backend.BackendApplicationTests
18:08:17.760 [main] DEBUG org.springframework.boot.test.context.SpringBootTestContextBootstrapper - @TestExecutionListeners is not present for class [com.hospital.backend.BackendApplicationTests]: using defaults.
18:08:17.761 [main] INFO org.springframework.boot.test.context.SpringBootTestContextBootstrapper - Loaded default TestExecutionListener class names from location [META-INF/spring.factories]: [org.springframework.boot.test.mock.mockito.MockitoTestExecutionListener, org.springframework.boot.test.mock.mockito.ResetMocksTestExecutionListener, org.springframework.boot.test.autoconfigure.restdocs.RestDocsTestExecutionListener, org.springframework.boot.test.autoconfigure.web.client.MockRestServiceServerResetTestExecutionListener, org.springframework.boot.test.autoconfigure.web.servlet.MockMvcPrintOnlyOnFailureTestExecutionListener, org.springframework.boot.test.autoconfigure.web.servlet.WebDriverTestExecutionListener, org.springframework.boot.test.autoconfigure.webservices.client.MockWebServiceServerTestExecutionListener, org.springframework.test.context.web.ServletTestExecutionListener, org.springframework.test.context.support.DirtiesContextBeforeModesTestExecutionListener, org.springframework.test.context.event.ApplicationEventsTestExecutionListener, org.springframework.test.context.support.DependencyInjectionTestExecutionListener, org.springframework.test.context.support.DirtiesContextTestExecutionListener, org.springframework.test.context.transaction.TransactionalTestExecutionListener, org.springframework.test.context.jdbc.SqlScriptsTestExecutionListener, org.springframework.test.context.event.EventPublishingTestExecutionListener]
18:08:17.780 [main] INFO org.springframework.boot.test.context.SpringBootTestContextBootstrapper - Using TestExecutionListeners: [org.springframework.test.context.web.ServletTestExecutionListener@14b030a0, org.springframework.test.context.support.DirtiesContextBeforeModesTestExecutionListener@41e350f1, org.springframework.test.context.event.ApplicationEventsTestExecutionListener@422c3c7a, org.springframework.boot.test.mock.mockito.MockitoTestExecutionListener@18230356, org.springframework.boot.test.autoconfigure.SpringBootDependencyInjectionTestExecutionListener@d8305c2, org.springframework.test.context.support.DirtiesContextTestExecutionListener@56bca85b, org.springframework.test.context.transaction.TransactionalTestExecutionListener@75d0911a, org.springframework.test.context.jdbc.SqlScriptsTestExecutionListener@75e91545, org.springframework.test.context.event.EventPublishingTestExecutionListener@60d1a32f, org.springframework.boot.test.mock.mockito.ResetMocksTestExecutionListener@531c311e, org.springframework.boot.test.autoconfigure.restdocs.RestDocsTestExecutionListener@22b53226, org.springframework.boot.test.autoconfigure.web.client.MockRestServiceServerResetTestExecutionListener@1fcb4808, org.springframework.boot.test.autoconfigure.web.servlet.MockMvcPrintOnlyOnFailureTestExecutionListener@726e5805, org.springframework.boot.test.autoconfigure.web.servlet.WebDriverTestExecutionListener@40c80397, org.springframework.boot.test.autoconfigure.webservices.client.MockWebServiceServerTestExecutionListener@4b672daa]
18:08:17.786 [main] DEBUG org.springframework.test.context.support.AbstractDirtiesContextTestExecutionListener - Before test class: context [DefaultTestContext@12bcd0c0 testClass = BackendApplicationTests, testInstance = [null], testMethod = [null], testException = [null], mergedContextConfiguration = [WebMergedContextConfiguration@4879f0f2 testClass = BackendApplicationTests, locations = '{}', classes = '{class com.hospital.backend.BackendApplication}', contextInitializerClasses = '[]', activeProfiles = '{}', propertySourceLocations = '{}', propertySourceProperties = '{org.springframework.boot.test.context.SpringBootTestContextBootstrapper=true}', contextCustomizers = set[org.springframework.boot.test.context.filter.ExcludeFilterContextCustomizer@4416d64f, org.springframework.boot.test.json.DuplicateJsonObjectContextCustomizerFactory$DuplicateJsonObjectContextCustomizer@732d0d24, org.springframework.boot.test.mock.mockito.MockitoContextCustomizer@0, org.springframework.boot.test.web.client.TestRestTemplateContextCustomizer@5965be2d, org.springframework.boot.test.autoconfigure.actuate.metrics.MetricsExportContextCustomizerFactory$DisableMetricExportContextCustomizer@44c73c26, org.springframework.boot.test.autoconfigure.properties.PropertyMappingContextCustomizer@0, org.springframework.boot.test.autoconfigure.web.servlet.WebDriverContextCustomizerFactory$Customizer@59cba5a, org.springframework.boot.test.context.SpringBootTestArgs@1, org.springframework.boot.test.context.SpringBootTestWebEnvironment@459e9125], resourceBasePath = 'src/main/webapp', contextLoader = 'org.springframework.boot.test.context.SpringBootContextLoader', parent = [null]], attributes = map['org.springframework.test.context.web.ServletTestExecutionListener.activateListener' -> true]], class annotated with @DirtiesContext [false] with mode [null].

  .   ____          _            __ _ _
 /\\ / ___'_ __ _ _(_)_ __  __ _ \ \ \ \
( ( )\___ | '_ | '_| | '_ \/ _` | \ \ \ \
 \\/  ___)| |_)| | | | | || (_| |  ) ) ) )
  '  |____| .__|_| |_|_| |_\__, | / / / /
 =========|_|==============|___/=/_/_/_/
 :: Spring Boot ::               (v2.6.13)

2026-05-27 18:08:18.309  INFO 29336 --- [           main] c.h.backend.BackendApplicationTests      : Starting BackendApplicationTests using Java 11.0.20 on DESKTOP-CNJKR1R with PID 29336 (started by pangjieyi in D:\java\test\hospital-registration-system\backend)
2026-05-27 18:08:18.311  INFO 29336 --- [           main] c.h.backend.BackendApplicationTests      : No active profile set, falling back to 1 default profile: "default"
2026-05-27 18:08:21.537  INFO 29336 --- [           main] o.s.b.a.w.s.WelcomePageHandlerMapping    : Adding welcome page: class path resource [static/index.html]
2026-05-27 18:08:22.235  INFO 29336 --- [           main] c.h.backend.BackendApplicationTests      : Started BackendApplicationTests in 4.388 seconds (JVM running for 5.638)
]]></system-out>
  </testcase>
</testsuite>